<?xml version="1.0" encoding="UTF-8"?>
<testng-results skipped="0" failed="0" ignored="0" total="1" passed="1">
  <reporter-output>
  </reporter-output>
  <suite name="Default suite" duration-ms="24306" started-at="2022-08-03T06:37:00Z" finished-at="2022-08-03T06:37:24Z">
    <groups>
    </groups>
    <test name="Default test" duration-ms="24306" started-at="2022-08-03T06:37:00Z" finished-at="2022-08-03T06:37:24Z">
      <class name="TestPages.EaseMyTripTestPage">
        <test-method status="PASS" signature="InitializeBrowser()[pri:0, instance:TestPages.EaseMyTripTestPage@5383967b]" name="InitializeBrowser" is-config="true" duration-ms="70589" started-at="2022-08-03T12:05:49Z" finished-at="2022-08-03T12:07:00Z">
          <reporter-output>
          </reporter-output>
        </test-method> <!-- InitializeBrowser -->
        <test-method status="PASS" signature="searchtheflight()[pri:0, instance:TestPages.EaseMyTripTestPage@5383967b]" name="searchtheflight" duration-ms="24285" started-at="2022-08-03T12:07:00Z" finished-at="2022-08-03T12:07:24Z">
          <reporter-output>
          </reporter-output>
        </test-method> <!-- searchtheflight -->
      </class> <!-- TestPages.EaseMyTripTestPage -->
    </test> <!-- Default test -->
  </suite> <!-- Default suite -->
</testng-results>
